Arguments: 
  /home/lucas/.nvm/versions/node/v12.19.0/bin/node /usr/share/yarn/bin/yarn.js add --dev git-cmmit-msg-linter

PATH: 
  /home/lucas/.poetry/bin:/anaconda3/bin:/home/lucas/.poetry/bin:/home/lucas/anaconda3/condabin:/anaconda3/bin:/home/lucas/.nvm/versions/node/v12.19.0/bin:/home/lucas/.zinit/polaris/sbin:/home/lucas/.zinit/polaris/bin:/home/lucas/.poetry/bin:/home/lucas/.cargo/bin:/home/lucas/.local/bin:/usr/local/sbin:/usr/local/bin:/usr/sbin:/usr/bin:/sbin:/bin:/usr/games:/usr/local/games:/snap/bin:/home/lucas/.yarn/bin:/home/lucas/.yarn/bin

Yarn version: 
  1.22.5

Node version: 
  12.19.0

Platform: 
  linux x64

Trace: 
  Error: https://registry.yarnpkg.com/git-cmmit-msg-linter: Not found
      at Request.params.callback [as _callback] (/usr/share/yarn/lib/cli.js:66988:18)
      at Request.self.callback (/usr/share/yarn/lib/cli.js:140749:22)
      at Request.emit (events.js:314:20)
      at Request.<anonymous> (/usr/share/yarn/lib/cli.js:141721:10)
      at Request.emit (events.js:314:20)
      at IncomingMessage.<anonymous> (/usr/share/yarn/lib/cli.js:141643:12)
      at Object.onceWrapper (events.js:420:28)
      at IncomingMessage.emit (events.js:326:22)
      at endReadableNT (_stream_readable.js:1223:12)
      at processTicksAndRejections (internal/process/task_queues.js:84:21)

npm manifest: 
  {
    "name": "clean-node-api",
    "version": "1.0.0",
    "main": "index.js",
    "author": "Lucas Pinheiro",
    "license": "MIT"
  }

yarn manifest: 
  No manifest

Lockfile: 
  # THIS IS AN AUTOGENERATED FILE. DO NOT EDIT THIS FILE DIRECTLY.
  # yarn lockfile v1
